2790
717552
29785141
141218
360
41994
14
7249
109512
187200
5185
1533
4380
28665
60966
835176
440
519921
483442
158240
18720
100
37851
30408675
180
20767
267
9709
705498
198176
268960
268960
222
1281
9360
7260
17628
93905
32396
206601
42
679850
140954
99231
2405
30758200
256
26101
7348
24248
271491
2184500
126945
340800
168
43806
847242
87381
50078
23051
513051
7493
704
84
78124992
134710
855
651
51269526
97185
77245
17347
308760
352296
401030
9516
200430
48
14014
156
713241
29
85932
24
125356
58550
225743
13104
5371080
179308
343250
949
99645
726
234
3570
88
2046
728
78124
